{"C:\\Users\\azuka\\OneDrive\\Documents\\tutCodebase\\New folder\\testing\\accountChecks.js": {"path":"C:\\Users\\azuka\\OneDrive\\Documents\\tutCodebase\\New folder\\testing\\accountChecks.js","statementMap":{"0":{"start":{"line":19,"column":17},"end":{"line":23,"column":1}},"1":{"start":{"line":25,"column":0},"end":{"line":25,"column":26}}},"fnMap":{},"branchMap":{},"s":{"0":1,"1":1},"f":{},"b":{},"_coverageSchema":"1a1c01bbd47fc00a2c39e90264f33305004495a9","hash":"235884a01a245a81f28417fabb43ac24143f2486"}
,"C:\\Users\\azuka\\OneDrive\\Documents\\tutCodebase\\New folder\\testing\\concatOdds.js": {"path":"C:\\Users\\azuka\\OneDrive\\Documents\\tutCodebase\\New folder\\testing\\concatOdds.js","statementMap":{"0":{"start":{"line":1,"column":10},"end":{"line":1,"column":12}},"1":{"start":{"line":3,"column":13},"end":{"line":9,"column":1}},"2":{"start":{"line":4,"column":4},"end":{"line":8,"column":7}},"3":{"start":{"line":5,"column":8},"end":{"line":7,"column":9}},"4":{"start":{"line":6,"column":12},"end":{"line":6,"column":22}},"5":{"start":{"line":11,"column":19},"end":{"line":17,"column":1}},"6":{"start":{"line":13,"column":4},"end":{"line":13,"column":12}},"7":{"start":{"line":14,"column":4},"end":{"line":14,"column":12}},"8":{"start":{"line":15,"column":4},"end":{"line":15,"column":28}},"9":{"start":{"line":15,"column":21},"end":{"line":15,"column":26}},"10":{"start":{"line":16,"column":4},"end":{"line":16,"column":13}},"11":{"start":{"line":19,"column":0},"end":{"line":19,"column":28}}},"fnMap":{"0":{"name":"(anonymous_0)","decl":{"start":{"line":3,"column":13},"end":{"line":3,"column":14}},"loc":{"start":{"line":3,"column":25},"end":{"line":9,"column":1}},"line":3},"1":{"name":"(anonymous_1)","decl":{"start":{"line":4,"column":14},"end":{"line":4,"column":15}},"loc":{"start":{"line":4,"column":19},"end":{"line":8,"column":5}},"line":4},"2":{"name":"(anonymous_2)","decl":{"start":{"line":11,"column":19},"end":{"line":11,"column":20}},"loc":{"start":{"line":12,"column":0},"end":{"line":17,"column":1}},"line":12},"3":{"name":"(anonymous_3)","decl":{"start":{"line":15,"column":11},"end":{"line":15,"column":12}},"loc":{"start":{"line":15,"column":21},"end":{"line":15,"column":26}},"line":15}},"branchMap":{"0":{"loc":{"start":{"line":3,"column":14},"end":{"line":3,"column":20}},"type":"default-arg","locations":[{"start":{"line":3,"column":18},"end":{"line":3,"column":20}}],"line":3},"1":{"loc":{"start":{"line":5,"column":8},"end":{"line":7,"column":9}},"type":"if","locations":[{"start":{"line":5,"column":8},"end":{"line":7,"column":9}},{"start":{},"end":{}}],"line":5},"2":{"loc":{"start":{"line":5,"column":12},"end":{"line":5,"column":40}},"type":"binary-expr","locations":[{"start":{"line":5,"column":12},"end":{"line":5,"column":22}},{"start":{"line":5,"column":26},"end":{"line":5,"column":40}}],"line":5},"3":{"loc":{"start":{"line":11,"column":20},"end":{"line":11,"column":26}},"type":"default-arg","locations":[{"start":{"line":11,"column":24},"end":{"line":11,"column":26}}],"line":11},"4":{"loc":{"start":{"line":11,"column":28},"end":{"line":11,"column":34}},"type":"default-arg","locations":[{"start":{"line":11,"column":32},"end":{"line":11,"column":34}}],"line":11}},"s":{"0":1,"1":1,"2":2,"3":10,"4":5,"5":1,"6":1,"7":1,"8":1,"9":8,"10":1,"11":1},"f":{"0":2,"1":10,"2":1,"3":8},"b":{"0":[0],"1":[5,5],"2":[10,8],"3":[0],"4":[0]},"_coverageSchema":"1a1c01bbd47fc00a2c39e90264f33305004495a9","hash":"9f73bfd3fdcb67fed459dae1f4845f08ff39578b"}
,"C:\\Users\\azuka\\OneDrive\\Documents\\tutCodebase\\New folder\\testing\\mult.js": {"path":"C:\\Users\\azuka\\OneDrive\\Documents\\tutCodebase\\New folder\\testing\\mult.js","statementMap":{"0":{"start":{"line":3,"column":4},"end":{"line":3,"column":18}},"1":{"start":{"line":6,"column":0},"end":{"line":6,"column":22}}},"fnMap":{"0":{"name":"mult","decl":{"start":{"line":1,"column":9},"end":{"line":1,"column":13}},"loc":{"start":{"line":2,"column":0},"end":{"line":4,"column":1}},"line":2}},"branchMap":{},"s":{"0":2,"1":1},"f":{"0":2},"b":{},"_coverageSchema":"1a1c01bbd47fc00a2c39e90264f33305004495a9","hash":"a2b4c63f4be080dac6fb36f6bfa65c5798c51d3b"}
}
