TN:
SF:accountChecks.js
FNF:0
FNH:0
DA:19,1
DA:25,1
LF:2
LH:2
BRF:0
BRH:0
end_of_record
TN:
SF:concatOdds.js
FN:3,(anonymous_0)
FN:4,(anonymous_1)
FN:11,(anonymous_2)
FN:15,(anonymous_3)
FNF:4
FNH:4
FNDA:2,(anonymous_0)
FNDA:10,(anonymous_1)
FNDA:1,(anonymous_2)
FNDA:8,(anonymous_3)
DA:1,1
DA:3,1
DA:4,2
DA:5,10
DA:6,5
DA:11,1
DA:13,1
DA:14,1
DA:15,8
DA:16,1
DA:19,1
LF:11
LH:11
BRDA:3,0,0,0
BRDA:5,1,0,5
BRDA:5,1,1,5
BRDA:5,2,0,10
BRDA:5,2,1,8
BRDA:11,3,0,0
BRDA:11,4,0,0
BRF:7
BRH:4
end_of_record
TN:
SF:mult.js
FN:1,mult
FNF:1
FNH:1
FNDA:2,mult
DA:3,2
DA:6,1
LF:2
LH:2
BRF:0
BRH:0
end_of_record
